\BOOKMARK [0][-]{chapter.1}{Uvod}{}% 1
\BOOKMARK [0][-]{chapter.2}{Magnetska\040rezonancija}{}% 2
\BOOKMARK [1][-]{section.2.1}{Strukturni\040MRI\040\(sMRI\)}{chapter.2}% 3
\BOOKMARK [1][-]{section.2.2}{Funkcionalni\040MRI\040\(fMRI\)}{chapter.2}% 4
\BOOKMARK [1][-]{section.2.3}{Difuzijski\040MRI\040\(dMRI\)}{chapter.2}% 5
\BOOKMARK [0][-]{chapter.3}{\376\377\000S\000t\000r\000o\000j\000n\000o\000\040\000u\001\015\000e\000n\000j\000e\000\040\000\050\000M\000L\000\051}{}% 6
\BOOKMARK [1][-]{section.3.1}{\376\377\000V\000r\000s\000t\000e\000\040\000s\000t\000r\000o\000j\000n\000o\000g\000\040\000u\001\015\000e\000n\000j\000a}{chapter.3}% 7
\BOOKMARK [2][-]{subsection.3.1.1}{\376\377\000N\000a\000d\000z\000i\000r\000a\000n\000o\000\040\000u\001\015\000e\000n\000j\000e}{section.3.1}% 8
\BOOKMARK [2][-]{subsection.3.1.2}{\376\377\000N\000e\000n\000a\000d\000z\000i\000r\000a\000n\000o\000\040\000u\001\015\000e\000n\000j\000e}{section.3.1}% 9
\BOOKMARK [2][-]{subsection.3.1.3}{\376\377\000U\001\015\000e\000n\000j\000e\000\040\000p\000o\000j\000a\001\015\000a\000n\000j\000e\000m}{section.3.1}% 10
\BOOKMARK [2][-]{subsection.3.1.4}{\376\377\000K\000l\000j\000u\001\015\000n\000i\000\040\000k\000o\000n\000c\000e\000p\000t\000i\000\040\000i\000\040\000p\000r\000i\000m\000j\000e\000n\000e}{section.3.1}% 11
\BOOKMARK [1][-]{section.3.2}{Stablo\040odluke}{chapter.3}% 12
\BOOKMARK [2][-]{subsection.3.2.1}{Primjer\040stabla\040odluke}{section.3.2}% 13
\BOOKMARK [2][-]{subsection.3.2.2}{Algoritmi\040stabla\040odluke}{section.3.2}% 14
\BOOKMARK [2][-]{subsection.3.2.3}{Prednosti\040i\040nedostaci}{section.3.2}% 15
\BOOKMARK [1][-]{section.3.3}{\376\377\000S\000l\000u\001\015\000a\000j\000n\000a\000\040\001\141\000u\000m\000a}{chapter.3}% 16
\BOOKMARK [2][-]{subsection.3.3.1}{Koraci\040algoritma\040RF}{section.3.3}% 17
\BOOKMARK [1][-]{section.3.4}{Stroj\040potpornih\040vektora\040\(SVM\)}{chapter.3}% 18
\BOOKMARK [2][-]{subsection.3.4.1}{\376\377\000O\000d\000v\000a\000j\000a\000j\000u\001\007\000a\000\040\000h\000i\000p\000e\000r\000r\000a\000v\000n\000i\000n\000a}{section.3.4}% 19
\BOOKMARK [2][-]{subsection.3.4.2}{Hiperravnina\040s\040maksimalnom\040marginom}{section.3.4}% 20
\BOOKMARK [2][-]{subsection.3.4.3}{Hiperravnina\040s\040mekanom\040marginom}{section.3.4}% 21
\BOOKMARK [2][-]{subsection.3.4.4}{Kernel\040funkcija}{section.3.4}% 22
\BOOKMARK [0][-]{chapter.4}{Podaci\040i\040metode}{}% 23
\BOOKMARK [1][-]{section.4.1}{ADNI\040baza\040podataka}{chapter.4}% 24
\BOOKMARK [1][-]{section.4.2}{Analiza\040kori\235tenih\040podataka}{chapter.4}% 25
\BOOKMARK [1][-]{section.4.3}{Implementacija}{chapter.4}% 26
\BOOKMARK [2][-]{subsection.4.3.1}{\376\377\000U\001\015\000i\000t\000a\000v\000a\000n\000j\000e\000\040\000i\000\040\000p\000r\000i\000p\000r\000e\000m\000a\000\040\000p\000o\000d\000a\000t\000a\000k\000a}{section.4.3}% 27
\BOOKMARK [2][-]{subsection.4.3.2}{\376\377\000U\001\015\000i\000t\000a\000v\000a\000n\000j\000e\000\040\000C\000S\000V\000\040\000p\000o\000d\000a\000t\000a\000k\000a\000\040\000i\000\040\000g\000e\000n\000e\000r\000i\000r\000a\000n\000j\000e\000\040\000p\000u\000t\000a\000n\000j\000a\000\040\000d\000o\000\040\000N\000I\000f\000T\000I\000\040\000d\000a\000t\000o\000t\000e\000k\000a}{section.4.3}% 28
\BOOKMARK [2][-]{subsection.4.3.3}{Metoda\040get_paths\(\)}{section.4.3}% 29
\BOOKMARK [2][-]{subsection.4.3.4}{\376\377\000U\001\015\000i\000t\000a\000v\000a\000n\000j\000e\000\040\000i\000\040\000p\000r\000o\000m\000j\000e\000n\000a\000\040\000v\000e\000l\000i\001\015\000i\000n\000e\000\040\000N\000I\000f\000T\000I\000\040\000s\000l\000i\000k\000a}{section.4.3}% 30
\BOOKMARK [2][-]{subsection.4.3.5}{Predprocesiranje\040podataka}{section.4.3}% 31
\BOOKMARK [2][-]{subsection.4.3.6}{Trening\040i\040evaluacija\040modela}{section.4.3}% 32
\BOOKMARK [2][-]{subsection.4.3.7}{Stablo\040odluke}{section.4.3}% 33
\BOOKMARK [2][-]{subsection.4.3.8}{Random\040Forest}{section.4.3}% 34
\BOOKMARK [2][-]{subsection.4.3.9}{Support\040Vector\040Machine}{section.4.3}% 35
\BOOKMARK [0][-]{chapter.5}{Rezultati\040i\040rasprava}{}% 36
\BOOKMARK [1][-]{section.5.1}{Osnovni\040pojmovi}{chapter.5}% 37
\BOOKMARK [2][-]{subsection.5.1.1}{\376\377\000T\000o\001\015\000n\000o\000s\000t\000\040\000\050\000A\000c\000c\000u\000r\000a\000c\000y\000\051}{section.5.1}% 38
\BOOKMARK [2][-]{subsection.5.1.2}{Matrica\040zabune\040\(Confusion\040Matrix\)}{section.5.1}% 39
\BOOKMARK [2][-]{subsection.5.1.3}{Preciznost\040\(Precision\),\040odziv\040\(Recall\)\040i\040F1-mjera\040\(F1-score\)}{section.5.1}% 40
\BOOKMARK [2][-]{subsection.5.1.4}{\376\377\000T\000e\001\176\000i\000n\000s\000k\000i\000\040\000u\000p\000r\000o\000s\000j\000e\001\015\000e\000n\000e\000\040\000m\000j\000e\000r\000e\000\040\000\050\000W\000e\000i\000g\000h\000t\000e\000d\000\040\000a\000v\000g\000\051\000\040\000i\000\040\000m\000a\000k\000r\000o\000-\000u\000s\000p\000r\000o\000s\000j\000e\001\015\000e\000n\000e\000\040\000m\000j\000e\000r\000e\000\040\000\050\000M\000a\000c\000r\000o\000\040\000a\000v\000g\000\051}{section.5.1}% 41
\BOOKMARK [1][-]{section.5.2}{Rezultati\040klasifikacije}{chapter.5}% 42
\BOOKMARK [2][-]{subsection.5.2.1}{Stablo\040odluke}{section.5.2}% 43
\BOOKMARK [2][-]{subsection.5.2.2}{\376\377\000S\000l\000u\001\015\000a\000j\000n\000a\000\040\001\141\000u\000m\000a}{section.5.2}% 44
\BOOKMARK [2][-]{subsection.5.2.3}{Stroj\040potpornih\040vektora}{section.5.2}% 45
\BOOKMARK [2][-]{subsection.5.2.4}{Usporedba\040rezultata}{section.5.2}% 46
\BOOKMARK [2][-]{subsection.5.2.5}{Usporedba\040s\040drugim\040istra\236ivanjima}{section.5.2}% 47
\BOOKMARK [0][-]{chapter.6}{\376\377\000Z\000a\000k\000l\000j\000u\001\015\000a\000k}{}% 48
\BOOKMARK [0][-]{chapter*.28}{Literatura}{}% 49
\BOOKMARK [0][-]{chapter*.29}{Sa\236etak}{}% 50
\BOOKMARK [0][-]{chapter*.30}{Abstract}{}% 51
