\BOOKMARK [0][-]{chapter.1}{\376\377\000U\000v\000o\000d}{}% 1
\BOOKMARK [0][-]{chapter.2}{\376\377\000G\000l\000a\000v\000n\000i\000\040\000d\000i\000o}{}% 2
\BOOKMARK [1][-]{section.2.1}{\376\377\000M\000a\000g\000n\000e\000t\000n\000a\000\040\000r\000e\000z\000o\000n\000a\000n\000c\000i\000j\000a\000\040\000\050\000M\000R\000I\000\051}{chapter.2}% 3
\BOOKMARK [2][-]{subsection.2.1.1}{\376\377\000S\000t\000r\000u\000k\000t\000u\000r\000n\000i\000\040\000M\000R\000I\000\040\000\050\000s\000M\000R\000I\000\051}{section.2.1}% 4
\BOOKMARK [2][-]{subsection.2.1.2}{\376\377\000F\000u\000n\000k\000c\000i\000o\000n\000a\000l\000n\000i\000\040\000M\000R\000I\000\040\000\050\000f\000M\000R\000I\000\051}{section.2.1}% 5
\BOOKMARK [2][-]{subsection.2.1.3}{\376\377\000D\000i\000f\000u\000z\000i\000j\000s\000k\000i\000\040\000M\000R\000I\000\040\000\050\000d\000M\000R\000I\000\051}{section.2.1}% 6
\BOOKMARK [1][-]{section.2.2}{\376\377\000P\000o\000d\000a\000c\000i\000\040\000i\000\040\000m\000e\000t\000o\000d\000e}{chapter.2}% 7
\BOOKMARK [2][-]{subsection.2.2.1}{\376\377\000A\000D\000N\000I\000\040\000b\000a\000z\000a\000\040\000p\000o\000d\000a\000t\000a\000k\000a}{section.2.2}% 8
\BOOKMARK [2][-]{subsection.2.2.2}{\376\377\000A\000n\000a\000l\000i\000z\000a\000\040\000k\000o\000r\000i\001\141\000t\000e\000n\000i\000h\000\040\000p\000o\000d\000a\000t\000a\000k\000a}{section.2.2}% 9
\BOOKMARK [1][-]{section.2.3}{\376\377\000S\000t\000r\000o\000j\000n\000o\000\040\000u\001\015\000e\000n\000j\000e\000\040\000\050\000M\000L\000\051}{chapter.2}% 10
\BOOKMARK [2][-]{subsection.2.3.1}{\376\377\000V\000r\000s\000t\000e\000\040\000S\000t\000r\000o\000j\000n\000o\000g\000\040\000U\001\015\000e\000n\000j\000a}{section.2.3}% 11
\BOOKMARK [2][-]{subsection.2.3.2}{\376\377\000K\000l\000j\000u\001\015\000n\000i\000\040\000K\000o\000n\000c\000e\000p\000t\000i\000\040\000i\000\040\000P\000r\000i\000m\000j\000e\000n\000e}{section.2.3}% 12
\BOOKMARK [1][-]{section.2.4}{\376\377\000D\000e\000c\000i\000s\000i\000o\000n\000\040\000T\000r\000e\000e\000\040\000\050\000D\000T\000\051}{chapter.2}% 13
\BOOKMARK [2][-]{subsection.2.4.1}{\376\377\000P\000r\000i\000m\000j\000e\000r\000\040\000s\000t\000a\000b\000l\000a\000\040\000o\000d\000l\000u\001\015\000i\000v\000a\000n\000j\000a}{section.2.4}% 14
\BOOKMARK [2][-]{subsection.2.4.2}{\376\377\000A\000l\000g\000o\000r\000i\000t\000m\000i\000\040\000s\000t\000a\000b\000l\000a\000\040\000o\000d\000l\000u\001\015\000i\000v\000a\000n\000j\000a}{section.2.4}% 15
\BOOKMARK [2][-]{subsection.2.4.3}{\376\377\000P\000r\000e\000d\000n\000o\000s\000t\000i\000\040\000i\000\040\000n\000e\000d\000o\000s\000t\000a\000c\000i}{section.2.4}% 16
\BOOKMARK [1][-]{section.2.5}{\376\377\000R\000a\000n\000d\000o\000m\000\040\000F\000o\000r\000e\000s\000t}{chapter.2}% 17
\BOOKMARK [2][-]{subsection.2.5.1}{\376\377\000K\000o\000r\000a\000c\000i\000\040\000a\000l\000g\000o\000r\000i\000t\000m\000a\000\040\000R\000a\000n\000d\000o\000m\000\040\000F\000o\000r\000e\000s\000t}{section.2.5}% 18
\BOOKMARK [2][-]{subsection.2.5.2}{\376\377\000S\000l\000u\001\015\000a\000j\000n\000i\000\040\000o\000d\000a\000b\000i\000r\000\040\000z\000n\000a\001\015\000a\000j\000k\000i}{section.2.5}% 19
\BOOKMARK [1][-]{section.2.6}{\376\377\000S\000u\000p\000p\000o\000r\000t\000\040\000V\000e\000c\000t\000o\000r\000\040\000M\000a\000c\000h\000i\000n\000e\000\040\000\050\000S\000V\000M\000\051}{chapter.2}% 20
\BOOKMARK [2][-]{subsection.2.6.1}{\376\377\000O\000d\000v\000a\000j\000a\000j\000u\001\007\000a\000\040\000h\000i\000p\000e\000r\000r\000a\000v\000n\000i\000n\000a}{section.2.6}% 21
\BOOKMARK [2][-]{subsection.2.6.2}{\376\377\000H\000i\000p\000e\000r\000r\000a\000v\000n\000i\000n\000a\000\040\000s\000\040\000m\000a\000k\000s\000i\000m\000a\000l\000n\000o\000m\000\040\000m\000a\000r\000g\000i\000n\000o\000m}{section.2.6}% 22
\BOOKMARK [2][-]{subsection.2.6.3}{\376\377\000H\000i\000p\000e\000r\000r\000a\000v\000n\000i\000n\000a\000\040\000s\000\040\000m\000e\000k\000a\000n\000o\000m\000\040\000m\000a\000r\000g\000i\000n\000o\000m}{section.2.6}% 23
\BOOKMARK [2][-]{subsection.2.6.4}{\376\377\000K\000e\000r\000n\000e\000l\000\040\000f\000u\000n\000k\000c\000i\000j\000a}{section.2.6}% 24
\BOOKMARK [2][-]{subsection.2.6.5}{\376\377\000P\000r\000i\000m\000j\000e\000n\000e\000\040\000S\000V\000M\000-\000a}{section.2.6}% 25
\BOOKMARK [1][-]{section.2.7}{\376\377\000I\000m\000p\000l\000e\000m\000e\000n\000t\000a\000c\000i\000j\000a}{chapter.2}% 26
\BOOKMARK [2][-]{subsection.2.7.1}{\376\377\000U\001\015\000i\000t\000a\000v\000a\000n\000j\000e\000\040\000i\000\040\000p\000r\000i\000p\000r\000e\000m\000a\000\040\000p\000o\000d\000a\000t\000a\000k\000a}{section.2.7}% 27
\BOOKMARK [2][-]{subsection.2.7.2}{\376\377\000U\001\015\000i\000t\000a\000v\000a\000n\000j\000e\000\040\000C\000S\000V\000\040\000p\000o\000d\000a\000t\000a\000k\000a\000\040\000i\000\040\000g\000e\000n\000e\000r\000i\000r\000a\000n\000j\000e\000\040\000p\000u\000t\000a\000n\000j\000a\000\040\000d\000o\000\040\000N\000I\000f\000T\000I\000\040\000d\000a\000t\000o\000t\000e\000k\000a}{section.2.7}% 28
\BOOKMARK [2][-]{subsection.2.7.3}{\376\377\000M\000e\000t\000o\000d\000a\000\040\000g\000e\000t\000\137\000p\000a\000t\000h\000s\000\050\000\051}{section.2.7}% 29
\BOOKMARK [2][-]{subsection.2.7.4}{\376\377\000U\001\015\000i\000t\000a\000v\000a\000n\000j\000e\000\040\000i\000\040\000p\000r\000o\000m\000j\000e\000n\000a\000\040\000v\000e\000l\000i\001\015\000i\000n\000e\000\040\000N\000I\000f\000T\000I\000\040\000s\000l\000i\000k\000a}{section.2.7}% 30
\BOOKMARK [2][-]{subsection.2.7.5}{\376\377\000P\000r\000e\000d\000p\000r\000o\000c\000e\000s\000i\000r\000a\000n\000j\000e\000\040\000p\000o\000d\000a\000t\000a\000k\000a}{section.2.7}% 31
\BOOKMARK [2][-]{subsection.2.7.6}{\376\377\000T\000r\000e\000n\000i\000n\000g\000\040\000i\000\040\000e\000v\000a\000l\000u\000a\000c\000i\000j\000a\000\040\000m\000o\000d\000e\000l\000a}{section.2.7}% 32
\BOOKMARK [2][-]{subsection.2.7.7}{\376\377\000D\000e\000c\000i\000s\000i\000o\000n\000\040\000T\000r\000e\000e}{section.2.7}% 33
\BOOKMARK [2][-]{subsection.2.7.8}{\376\377\000R\000a\000n\000d\000o\000m\000\040\000F\000o\000r\000e\000s\000t}{section.2.7}% 34
\BOOKMARK [2][-]{subsection.2.7.9}{\376\377\000S\000u\000p\000p\000o\000r\000t\000\040\000V\000e\000c\000t\000o\000r\000\040\000M\000a\000c\000h\000i\000n\000e}{section.2.7}% 35
\BOOKMARK [0][-]{chapter.3}{\376\377\000R\000e\000z\000u\000l\000t\000a\000t\000i\000\040\000i\000\040\000r\000a\000s\000p\000r\000a\000v\000a}{}% 36
\BOOKMARK [1][-]{section.3.1}{\376\377\000R\000e\000z\000u\000l\000t\000a\000t\000i\000\040\000k\000l\000a\000s\000i\000f\000i\000k\000a\000c\000i\000j\000e}{chapter.3}% 37
\BOOKMARK [2][-]{subsection.3.1.1}{\376\377\000O\000s\000n\000o\000v\000n\000i\000\040\000p\000o\000j\000m\000o\000v\000i}{section.3.1}% 38
\BOOKMARK [2][-]{subsection.3.1.2}{\376\377\000R\000e\000z\000u\000l\000t\000a\000t\000i\000\040\000k\000l\000a\000s\000i\000f\000i\000k\000a\000c\000i\000j\000e}{section.3.1}% 39
\BOOKMARK [2][-]{subsection.3.1.3}{\376\377\000U\000s\000p\000o\000r\000e\000d\000b\000a\000\040\000r\000e\000z\000u\000l\000t\000a\000t\000a}{section.3.1}% 40
\BOOKMARK [2][-]{subsection.3.1.4}{\376\377\000U\000s\000p\000o\000r\000e\000d\000b\000a\000\040\000s\000\040\000t\000u\001\021\000i\000m\000\040\000r\000e\000z\000u\000l\000t\000a\000t\000i\000m\000a}{section.3.1}% 41
\BOOKMARK [0][-]{chapter.4}{\376\377\000Z\000a\000k\000l\000j\000u\001\015\000a\000k}{}% 42
\BOOKMARK [0][-]{chapter*.37}{\376\377\000L\000i\000t\000e\000r\000a\000t\000u\000r\000a}{}% 43
\BOOKMARK [0][-]{chapter*.38}{\376\377\000S\000a\001\176\000e\000t\000a\000k}{}% 44
\BOOKMARK [0][-]{chapter*.39}{\376\377\000A\000b\000s\000t\000r\000a\000c\000t}{}% 45
\BOOKMARK [0][-]{chapter.1}{\376\377\000T\000h\000e\000\040\000C\000o\000d\000e}{}% 46
